[01m[K/home/bryan_wsl/projects/ros2_ws/src/sensor_sim/src/sensor_sim.cpp:[m[K In constructor â€˜[01m[KSensorSimNode::SensorSimNode()[m[Kâ€™:
[01m[K/home/bryan_wsl/projects/ros2_ws/src/sensor_sim/src/sensor_sim.cpp:20:9:[m[K [01;31m[Kerror: [m[Kâ€˜[01m[Ktimer_[m[Kâ€™ was not declared in this scope; did you mean â€˜[01m[Ktimer_t[m[Kâ€™?
   20 |         [01;31m[Ktimer_[m[K = this->create_wall_timer(std::chrono::milliseconds(100), [this]() {
      |         [01;31m[K^~~~~~[m[K
      |         [32m[Ktimer_t[m[K
gmake[2]: *** [CMakeFiles/sensor_sim.dir/build.make:76: CMakeFiles/sensor_sim.dir/src/sensor_sim.cpp.o] Error 1
gmake[1]: *** [CMakeFiles/Makefile2:137: CMakeFiles/sensor_sim.dir/all] Error 2
gmake: *** [Makefile:146: all] Error 2
