[0.012s] Invoking command in '/home/bryan_wsl/projects/ros2_ws/build/sensor_sim': CMAKE_PREFIX_PATH=/opt/ros/humble /usr/bin/cmake --build /home/bryan_wsl/projects/ros2_ws/build/sensor_sim -- -j20 -l20
[0.067s] -- Found ament_cmake: 1.3.11 (/opt/ros/humble/share/ament_cmake/cmake)
[0.177s] -- Found rclcpp: 16.0.12 (/opt/ros/humble/share/rclcpp/cmake)
[0.367s] -- Found rosidl_generator_c: 3.1.6 (/opt/ros/humble/share/rosidl_generator_c/cmake)
[0.371s] -- Found rosidl_adapter: 3.1.6 (/opt/ros/humble/share/rosidl_adapter/cmake)
[0.379s] -- Found rosidl_generator_cpp: 3.1.6 (/opt/ros/humble/share/rosidl_generator_cpp/cmake)
[0.393s] -- Using all available rosidl_typesupport_c: rosidl_typesupport_fastrtps_c;rosidl_typesupport_introspection_c
[0.416s] -- Using all available rosidl_typesupport_cpp: rosidl_typesupport_fastrtps_cpp;rosidl_typesupport_introspection_cpp
[0.454s] -- Found rmw_implementation_cmake: 6.1.2 (/opt/ros/humble/share/rmw_implementation_cmake/cmake)
[0.457s] -- Found rmw_fastrtps_cpp: 6.2.7 (/opt/ros/humble/share/rmw_fastrtps_cpp/cmake)
[5.455s] -- Using RMW implementation 'rmw_fastrtps_cpp' as default
[5.515s] -- Found sensor_msgs: 4.8.0 (/opt/ros/humble/share/sensor_msgs/cmake)
[5.544s] -- Found ament_lint_auto: 0.12.12 (/opt/ros/humble/share/ament_lint_auto/cmake)
[5.602s] -- Added test 'cppcheck' to perform static code analysis on C / C++ code
[5.602s] -- Configured cppcheck include dirs: 
[5.602s] -- Configured cppcheck exclude dirs and/or files: 
[5.603s] -- Added test 'lint_cmake' to check CMake code style
[5.604s] -- Added test 'uncrustify' to check C / C++ code style
[5.604s] -- Configured uncrustify additional arguments: 
[5.604s] -- Added test 'xmllint' to check XML markup files
[5.606s] -- Configuring done
[5.617s] -- Generating done
[5.620s] -- Build files have been written to: /home/bryan_wsl/projects/ros2_ws/build/sensor_sim
[5.636s] [35m[1mConsolidate compiler generated dependencies of target sensor_sim[0m
[5.669s] [ 50%] [32mBuilding CXX object CMakeFiles/sensor_sim.dir/src/sensor_sim.cpp.o[0m
[7.478s] [01m[K/home/bryan_wsl/projects/ros2_ws/src/sensor_sim/src/sensor_sim.cpp:[m[K In constructor â€˜[01m[KSensorSimNode::SensorSimNode()[m[Kâ€™:
[7.479s] [01m[K/home/bryan_wsl/projects/ros2_ws/src/sensor_sim/src/sensor_sim.cpp:20:9:[m[K [01;31m[Kerror: [m[Kâ€˜[01m[Ktimer_[m[Kâ€™ was not declared in this scope; did you mean â€˜[01m[Ktimer_t[m[Kâ€™?
[7.479s]    20 |         [01;31m[Ktimer_[m[K = this->create_wall_timer(std::chrono::milliseconds(100), [this]() {
[7.479s]       |         [01;31m[K^~~~~~[m[K
[7.479s]       |         [32m[Ktimer_t[m[K
[8.246s] gmake[2]: *** [CMakeFiles/sensor_sim.dir/build.make:76: CMakeFiles/sensor_sim.dir/src/sensor_sim.cpp.o] Error 1
[8.246s] gmake[1]: *** [CMakeFiles/Makefile2:137: CMakeFiles/sensor_sim.dir/all] Error 2
[8.246s] gmake: *** [Makefile:146: all] Error 2
[8.248s] Invoked command in '/home/bryan_wsl/projects/ros2_ws/build/sensor_sim' returned '2': CMAKE_PREFIX_PATH=/opt/ros/humble /usr/bin/cmake --build /home/bryan_wsl/projects/ros2_ws/build/sensor_sim -- -j20 -l20
